<?xml version="1.0" encoding="UTF-8"?>
<testng-results ignored="0" total="1" passed="0" failed="1" skipped="0">
  <reporter-output>
  </reporter-output>
  <suite started-at="2020-01-29T15:22:15 IST" name="Suite" finished-at="2020-01-29T15:22:34 IST" duration-ms="19297">
    <groups>
    </groups>
    <test started-at="2020-01-29T15:22:15 IST" name="Test" finished-at="2020-01-29T15:22:34 IST" duration-ms="19297">
      <class name="PackageLearnMaven.ProjectMavenDemo.BaseTest">
        <test-method signature="browserlaunch()[pri:0, instance:PackageLearnMaven.ProjectMavenDemo.BaseTest@60d8c9b7]" started-at="2020-01-29T15:22:15 IST" name="browserlaunch" finished-at="2020-01-29T15:22:34 IST" duration-ms="19240" status="FAIL">
          <exception class="org.openqa.selenium.SessionNotCreatedException">
            <message>
              <![CDATA[session not created
from chrome not reachable
  (Session info: chrome=79.0.3945.130)
Build info: version: '4.0.0-alpha-4', revision: 'c2d955b49e'
System info: host: 'DESKTOP-R4U4K06', ip: '172.16.3.21', os.name: 'Windows 10', os.arch: 'amd64', os.version: '10.0', java.version: '12.0.2'
Driver info: driver.version: ChromeDriver
remote stacktrace: Backtrace:
Ordinal0 [0x0049A113+1548563]
Ordinal0 [0x0041DDA1+1039777]
Ordinal0 [0x0039E32E+516910]
Ordinal0 [0x00398012+491538]
Ordinal0 [0x003986EB+493291]
Ordinal0 [0x00399855+497749]
Ordinal0 [0x00395885+481413]
Ordinal0 [0x0039F0D0+520400]
Ordinal0 [0x0034C030+180272]
Ordinal0 [0x0034B59D+177565]
Ordinal0 [0x003495FB+169467]
Ordinal0 [0x0033160A+71178]
Ordinal0 [0x00332690+75408]
Ordinal0 [0x00332629+75305]
Ordinal0 [0x004371B7+1143223]
GetHandleVerifier [0x00532B46+507814]
GetHandleVerifier [0x00532864+507076]
GetHandleVerifier [0x00539F47+537511]
GetHandleVerifier [0x00533402+510050]
Ordinal0 [0x0042F29C+1110684]
Ordinal0 [0x0043938B+1151883]
Ordinal0 [0x004394F3+1152243]
Ordinal0 [0x004383F5+1147893]
BaseThreadInitThunk [0x77126359+25]
RtlGetAppContainerNamedObjectPath [0x777A7B74+228]
RtlGetAppContainerNamedObjectPath [0x777A7B44+180]
]]>
            </message>
            <full-stacktrace>
              <![CDATA[org.openqa.selenium.SessionNotCreatedException: session not created
from chrome not reachable
  (Session info: chrome=79.0.3945.130)
Build info: version: '4.0.0-alpha-4', revision: 'c2d955b49e'
System info: host: 'DESKTOP-R4U4K06', ip: '172.16.3.21', os.name: 'Windows 10', os.arch: 'amd64', os.version: '10.0', java.version: '12.0.2'
Driver info: driver.version: ChromeDriver
remote stacktrace: Backtrace:
Ordinal0 [0x0049A113+1548563]
Ordinal0 [0x0041DDA1+1039777]
Ordinal0 [0x0039E32E+516910]
Ordinal0 [0x00398012+491538]
Ordinal0 [0x003986EB+493291]
Ordinal0 [0x00399855+497749]
Ordinal0 [0x00395885+481413]
Ordinal0 [0x0039F0D0+520400]
Ordinal0 [0x0034C030+180272]
Ordinal0 [0x0034B59D+177565]
Ordinal0 [0x003495FB+169467]
Ordinal0 [0x0033160A+71178]
Ordinal0 [0x00332690+75408]
Ordinal0 [0x00332629+75305]
Ordinal0 [0x004371B7+1143223]
GetHandleVerifier [0x00532B46+507814]
GetHandleVerifier [0x00532864+507076]
GetHandleVerifier [0x00539F47+537511]
GetHandleVerifier [0x00533402+510050]
Ordinal0 [0x0042F29C+1110684]
Ordinal0 [0x0043938B+1151883]
Ordinal0 [0x004394F3+1152243]
Ordinal0 [0x004383F5+1147893]
BaseThreadInitThunk [0x77126359+25]
RtlGetAppContainerNamedObjectPath [0x777A7B74+228]
RtlGetAppContainerNamedObjectPath [0x777A7B44+180]

at java.base/jdk.internal.reflect.NativeConstructorAccessorImpl.newInstance0(Native Method)
at java.base/jdk.internal.reflect.NativeConstructorAccessorImpl.newInstance(NativeConstructorAccessorImpl.java:62)
at java.base/jdk.internal.reflect.DelegatingConstructorAccessorImpl.newInstance(DelegatingConstructorAccessorImpl.java:45)
at java.base/java.lang.reflect.Constructor.newInstanceWithCaller(Constructor.java:500)
at java.base/java.lang.reflect.Constructor.newInstance(Constructor.java:481)
at org.openqa.selenium.remote.W3CHandshakeResponse.lambda$errorHandler$0(W3CHandshakeResponse.java:62)
at org.openqa.selenium.remote.HandshakeResponse.lambda$getResponseFunction$0(HandshakeResponse.java:30)
at org.openqa.selenium.remote.ProtocolHandshake.lambda$createSession$1(ProtocolHandshake.java:126)
at java.base/java.util.stream.ReferencePipeline$3$1.accept(ReferencePipeline.java:195)
at java.base/java.util.Spliterators$ArraySpliterator.tryAdvance(Spliterators.java:958)
at java.base/java.util.stream.ReferencePipeline.forEachWithCancel(ReferencePipeline.java:127)
at java.base/java.util.stream.AbstractPipeline.copyIntoWithCancel(AbstractPipeline.java:502)
at java.base/java.util.stream.AbstractPipeline.copyInto(AbstractPipeline.java:488)
at java.base/java.util.stream.AbstractPipeline.wrapAndCopyInto(AbstractPipeline.java:474)
at java.base/java.util.stream.FindOps$FindOp.evaluateSequential(FindOps.java:150)
at java.base/java.util.stream.AbstractPipeline.evaluate(AbstractPipeline.java:234)
at java.base/java.util.stream.ReferencePipeline.findFirst(ReferencePipeline.java:543)
at org.openqa.selenium.remote.ProtocolHandshake.createSession(ProtocolHandshake.java:128)
at org.openqa.selenium.remote.ProtocolHandshake.createSession(ProtocolHandshake.java:75)
at org.openqa.selenium.remote.HttpCommandExecutor.execute(HttpCommandExecutor.java:139)
at org.openqa.selenium.remote.service.DriverCommandExecutor.execute(DriverCommandExecutor.java:83)
at org.openqa.selenium.remote.RemoteWebDriver.execute(RemoteWebDriver.java:582)
at org.openqa.selenium.remote.RemoteWebDriver.startSession(RemoteWebDriver.java:216)
at org.openqa.selenium.remote.RemoteWebDriver.<init>(RemoteWebDriver.java:136)
at org.openqa.selenium.chromium.ChromiumDriver.<init>(ChromiumDriver.java:75)
at org.openqa.selenium.chrome.ChromeDriver.<init>(ChromeDriver.java:163)
at org.openqa.selenium.chrome.ChromeDriver.<init>(ChromeDriver.java:150)
at org.openqa.selenium.chrome.ChromeDriver.<init>(ChromeDriver.java:105)
at PackageLearnMaven.ProjectMavenDemo.BaseTest.browserlaunch(BaseTest.java:15)
at java.base/jdk.internal.reflect.NativeMethodAccessorImpl.invoke0(Native Method)
at java.base/jdk.internal.reflect.NativeMethodAccessorImpl.invoke(NativeMethodAccessorImpl.java:62)
at java.base/jdk.internal.reflect.DelegatingMethodAccessorImpl.invoke(DelegatingMethodAccessorImpl.java:43)
at java.base/java.lang.reflect.Method.invoke(Method.java:567)
at org.testng.internal.MethodInvocationHelper.invokeMethod(MethodInvocationHelper.java:133)
at org.testng.internal.TestInvoker.invokeMethod(TestInvoker.java:584)
at org.testng.internal.TestInvoker.invokeTestMethod(TestInvoker.java:172)
at org.testng.internal.MethodRunner.runInSequence(MethodRunner.java:46)
at org.testng.internal.TestInvoker$MethodInvocationAgent.invoke(TestInvoker.java:804)
at org.testng.internal.TestInvoker.invokeTestMethods(TestInvoker.java:145)
at org.testng.internal.TestMethodWorker.invokeTestMethods(TestMethodWorker.java:146)
at org.testng.internal.TestMethodWorker.run(TestMethodWorker.java:128)
at java.base/java.util.ArrayList.forEach(ArrayList.java:1540)
at org.testng.TestRunner.privateRun(TestRunner.java:770)
at org.testng.TestRunner.run(TestRunner.java:591)
at org.testng.SuiteRunner.runTest(SuiteRunner.java:402)
at org.testng.SuiteRunner.runSequentially(SuiteRunner.java:396)
at org.testng.SuiteRunner.privateRun(SuiteRunner.java:355)
at org.testng.SuiteRunner.run(SuiteRunner.java:304)
at org.testng.SuiteRunnerWorker.runSuite(SuiteRunnerWorker.java:53)
at org.testng.SuiteRunnerWorker.run(SuiteRunnerWorker.java:96)
at org.testng.TestNG.runSuitesSequentially(TestNG.java:1180)
at org.testng.TestNG.runSuitesLocally(TestNG.java:1102)
at org.testng.TestNG.runSuites(TestNG.java:1032)
at org.testng.TestNG.run(TestNG.java:1000)
at org.testng.remote.AbstractRemoteTestNG.run(AbstractRemoteTestNG.java:115)
at org.testng.remote.RemoteTestNG.initAndRun(RemoteTestNG.java:251)
at org.testng.remote.RemoteTestNG.main(RemoteTestNG.java:77)
]]>
            </full-stacktrace>
          </exception> <!-- org.openqa.selenium.SessionNotCreatedException -->
          <reporter-output>
          </reporter-output>
        </test-method> <!-- browserlaunch -->
      </class> <!-- PackageLearnMaven.ProjectMavenDemo.BaseTest -->
    </test> <!-- Test -->
  </suite> <!-- Suite -->
</testng-results>
